0 info it worked if it ends with ok
1 verbose cli [
1 verbose cli   'C:\\Program Files\\nodejs\\node.exe',
1 verbose cli   'C:\\Users\\sudhnk\\AppData\\Roaming\\npm\\node_modules\\npm\\bin\\npm-cli.js',
1 verbose cli   'run',
1 verbose cli   'start:dev'
1 verbose cli ]
2 info using npm@3.9.3
3 info using node@v12.16.1
4 verbose stack Error: missing script: start:dev
4 verbose stack     at run (C:\Users\sudhnk\AppData\Roaming\npm\node_modules\npm\lib\run-script.js:150:19)
4 verbose stack     at C:\Users\sudhnk\AppData\Roaming\npm\node_modules\npm\lib\run-script.js:60:5
4 verbose stack     at C:\Users\sudhnk\AppData\Roaming\npm\node_modules\npm\node_modules\read-package-json\read-json.js:356:5
4 verbose stack     at checkBinReferences_ (C:\Users\sudhnk\AppData\Roaming\npm\node_modules\npm\node_modules\read-package-json\read-json.js:320:45)
4 verbose stack     at final (C:\Users\sudhnk\AppData\Roaming\npm\node_modules\npm\node_modules\read-package-json\read-json.js:354:3)
4 verbose stack     at then (C:\Users\sudhnk\AppData\Roaming\npm\node_modules\npm\node_modules\read-package-json\read-json.js:124:5)
4 verbose stack     at C:\Users\sudhnk\AppData\Roaming\npm\node_modules\npm\node_modules\read-package-json\read-json.js:311:12
4 verbose stack     at C:\Users\sudhnk\AppData\Roaming\npm\node_modules\npm\node_modules\graceful-fs\graceful-fs.js:78:16
4 verbose stack     at FSReqCallback.readFileAfterClose [as oncomplete] (internal/fs/read_file_context.js:63:3)
5 verbose cwd D:\Repo\webpack-dev-server-setup
6 error Windows_NT 6.3.9600
7 error argv "C:\\Program Files\\nodejs\\node.exe" "C:\\Users\\sudhnk\\AppData\\Roaming\\npm\\node_modules\\npm\\bin\\npm-cli.js" "run" "start:dev"
8 error node v12.16.1
9 error npm  v3.9.3
10 error missing script: start:dev
11 error If you need help, you may report this error at:
11 error     <https://github.com/npm/npm/issues>
12 verbose exit [ 1, true ]
